<?xml version="1.0" encoding="UTF-8"?>
<!-- Generated by org.testng.reporters.JUnitXMLReporter -->
<testsuite ignored="2" hostname="Karthiks-MacBook-Pro.local" failures="0" tests="1" name="Default test" time="16.123" errors="0" timestamp="2021-11-06T08:27:04 IST">
  <testcase classname="com.ad.tests.LoginTest" name="validLogin" time="2.905"/>
  <testcase classname="com.ad.tests.LoginTest" name="invalidLogin" time="0.0">
    <ignored/>
  </testcase> <!-- invalidLogin -->
  <testcase classname="com.ad.tests.LoginTest" name="emptyLogin" time="0.0">
    <ignored/>
  </testcase> <!-- emptyLogin -->
</testsuite> <!-- Default test -->
