<?xml version="1.0" encoding="UTF-8"?>
<testng-results ignored="0" total="3" passed="2" failed="1" skipped="0">
  <reporter-output>
  </reporter-output>
  <suite started-at="2021-11-08T08:39:31 IST" name="Login Suite" finished-at="2021-11-08T08:40:04 IST" duration-ms="32183">
    <groups>
    </groups>
    <test started-at="2021-11-08T08:39:31 IST" name="Login" finished-at="2021-11-08T08:40:04 IST" duration-ms="32183">
      <class name="com.ad.tests.LoginTest">
        <test-method is-config="true" signature="init()[pri:0, instance:com.ad.tests.LoginTest@24fcf36f]" started-at="2021-11-08T08:39:31 IST" name="init" finished-at="2021-11-08T08:39:31 IST" duration-ms="11" status="PASS">
          <reporter-output>
          </reporter-output>
        </test-method> <!-- init -->
        <test-method is-config="true" signature="launchBrowser()[pri:0, instance:com.ad.tests.LoginTest@24fcf36f]" started-at="2021-11-08T08:39:31 IST" name="launchBrowser" finished-at="2021-11-08T08:39:39 IST" duration-ms="7796" status="PASS">
          <reporter-output>
          </reporter-output>
        </test-method> <!-- launchBrowser -->
        <test-method is-config="true" signature="beforeMethod()[pri:0, instance:com.ad.tests.LoginTest@24fcf36f]" started-at="2021-11-08T08:39:39 IST" name="beforeMethod" finished-at="2021-11-08T08:39:41 IST" duration-ms="2170" status="PASS">
          <reporter-output>
          </reporter-output>
        </test-method> <!-- beforeMethod -->
        <test-method signature="validLogin()[pri:0, instance:com.ad.tests.LoginTest@24fcf36f]" started-at="2021-11-08T08:39:41 IST" name="validLogin" description="verify Login with valid credentials" finished-at="2021-11-08T08:39:44 IST" duration-ms="2250" status="FAIL">
          <exception class="java.lang.AssertionError">
            <message>
              <![CDATA[expected [false] but found [true]]]>
            </message>
            <full-stacktrace>
              <![CDATA[java.lang.AssertionError: expected [false] but found [true]
at org.testng.Assert.fail(Assert.java:99)
at org.testng.Assert.failNotEquals(Assert.java:1037)
at org.testng.Assert.assertFalse(Assert.java:67)
at org.testng.Assert.assertFalse(Assert.java:77)
at com.ad.tests.LoginTest.validLogin(LoginTest.java:41)
at java.base/jdk.internal.reflect.NativeMethodAccessorImpl.invoke0(Native Method)
at java.base/jdk.internal.reflect.NativeMethodAccessorImpl.invoke(NativeMethodAccessorImpl.java:62)
at java.base/jdk.internal.reflect.DelegatingMethodAccessorImpl.invoke(DelegatingMethodAccessorImpl.java:43)
at java.base/java.lang.reflect.Method.invoke(Method.java:566)
at org.testng.internal.MethodInvocationHelper.invokeMethod(MethodInvocationHelper.java:133)
at org.testng.internal.TestInvoker.invokeMethod(TestInvoker.java:598)
at org.testng.internal.TestInvoker.invokeTestMethod(TestInvoker.java:173)
at org.testng.internal.MethodRunner.runInSequence(MethodRunner.java:46)
at org.testng.internal.TestInvoker$MethodInvocationAgent.invoke(TestInvoker.java:824)
at org.testng.internal.TestInvoker.invokeTestMethods(TestInvoker.java:146)
at org.testng.internal.TestMethodWorker.invokeTestMethods(TestMethodWorker.java:146)
at org.testng.internal.TestMethodWorker.run(TestMethodWorker.java:128)
at java.base/java.util.ArrayList.forEach(ArrayList.java:1541)
at org.testng.TestRunner.privateRun(TestRunner.java:794)
at org.testng.TestRunner.run(TestRunner.java:596)
at org.testng.SuiteRunner.runTest(SuiteRunner.java:377)
at org.testng.SuiteRunner.runSequentially(SuiteRunner.java:371)
at org.testng.SuiteRunner.privateRun(SuiteRunner.java:332)
at org.testng.SuiteRunner.run(SuiteRunner.java:276)
at org.testng.SuiteRunnerWorker.runSuite(SuiteRunnerWorker.java:53)
at org.testng.SuiteRunnerWorker.run(SuiteRunnerWorker.java:96)
at org.testng.TestNG.runSuitesSequentially(TestNG.java:1212)
at org.testng.TestNG.runSuitesLocally(TestNG.java:1134)
at org.testng.TestNG.runSuites(TestNG.java:1063)
at org.testng.TestNG.run(TestNG.java:1031)
at org.testng.remote.AbstractRemoteTestNG.run(AbstractRemoteTestNG.java:115)
at org.testng.remote.RemoteTestNG.initAndRun(RemoteTestNG.java:251)
at org.testng.remote.RemoteTestNG.main(RemoteTestNG.java:77)
]]>
            </full-stacktrace>
          </exception> <!-- java.lang.AssertionError -->
          <reporter-output>
          </reporter-output>
        </test-method> <!-- validLogin -->
        <test-method is-config="true" signature="afterMethod(org.testng.ITestResult)[pri:0, instance:com.ad.tests.LoginTest@24fcf36f]" started-at="2021-11-08T08:39:44 IST" name="afterMethod" finished-at="2021-11-08T08:39:46 IST" duration-ms="2525" status="PASS">
          <params>
            <param index="0">
              <value>
                <![CDATA[[TestResult name=validLogin status=FAILURE method=LoginTest.validLogin()[pri:0, instance:com.ad.tests.LoginTest@24fcf36f] output={null}]]]>
              </value>
            </param>
          </params>
          <reporter-output>
          </reporter-output>
        </test-method> <!-- afterMethod -->
        <test-method is-config="true" signature="beforeMethod()[pri:0, instance:com.ad.tests.LoginTest@24fcf36f]" started-at="2021-11-08T08:39:46 IST" name="beforeMethod" finished-at="2021-11-08T08:39:48 IST" duration-ms="2120" status="PASS">
          <reporter-output>
          </reporter-output>
        </test-method> <!-- beforeMethod -->
        <test-method signature="invalidLogin()[pri:1, instance:com.ad.tests.LoginTest@24fcf36f]" started-at="2021-11-08T08:39:48 IST" name="invalidLogin" description="verify Login with invalid credentials" finished-at="2021-11-08T08:39:50 IST" duration-ms="1513" status="PASS">
          <reporter-output>
          </reporter-output>
        </test-method> <!-- invalidLogin -->
        <test-method is-config="true" signature="afterMethod(org.testng.ITestResult)[pri:0, instance:com.ad.tests.LoginTest@24fcf36f]" started-at="2021-11-08T08:39:50 IST" name="afterMethod" finished-at="2021-11-08T08:39:55 IST" duration-ms="5021" status="PASS">
          <params>
            <param index="0">
              <value>
                <![CDATA[[TestResult name=invalidLogin status=SUCCESS method=LoginTest.invalidLogin()[pri:1, instance:com.ad.tests.LoginTest@24fcf36f] output={null}]]]>
              </value>
            </param>
          </params>
          <reporter-output>
          </reporter-output>
        </test-method> <!-- afterMethod -->
        <test-method is-config="true" signature="beforeMethod()[pri:0, instance:com.ad.tests.LoginTest@24fcf36f]" started-at="2021-11-08T08:39:55 IST" name="beforeMethod" finished-at="2021-11-08T08:39:57 IST" duration-ms="2058" status="PASS">
          <reporter-output>
          </reporter-output>
        </test-method> <!-- beforeMethod -->
        <test-method signature="emptyLogin()[pri:2, instance:com.ad.tests.LoginTest@24fcf36f]" started-at="2021-11-08T08:39:57 IST" name="emptyLogin" description="verify Login with empty credentials" finished-at="2021-11-08T08:39:58 IST" duration-ms="1527" status="PASS">
          <reporter-output>
          </reporter-output>
        </test-method> <!-- emptyLogin -->
        <test-method is-config="true" signature="afterMethod(org.testng.ITestResult)[pri:0, instance:com.ad.tests.LoginTest@24fcf36f]" started-at="2021-11-08T08:39:58 IST" name="afterMethod" finished-at="2021-11-08T08:40:04 IST" duration-ms="5028" status="PASS">
          <params>
            <param index="0">
              <value>
                <![CDATA[[TestResult name=emptyLogin status=SUCCESS method=LoginTest.emptyLogin()[pri:2, instance:com.ad.tests.LoginTest@24fcf36f] output={null}]]]>
              </value>
            </param>
          </params>
          <reporter-output>
          </reporter-output>
        </test-method> <!-- afterMethod -->
        <test-method is-config="true" signature="quit()[pri:0, instance:com.ad.tests.LoginTest@24fcf36f]" started-at="2021-11-08T08:40:04 IST" name="quit" finished-at="2021-11-08T08:40:04 IST" duration-ms="135" status="PASS">
          <reporter-output>
          </reporter-output>
        </test-method> <!-- quit -->
      </class> <!-- com.ad.tests.LoginTest -->
    </test> <!-- Login -->
  </suite> <!-- Login Suite -->
</testng-results>
